<?xml version="1.0" encoding="UTF-8"?>
<testng-results skipped="0" failed="0" ignored="0" total="1" passed="1">
  <reporter-output>
  </reporter-output>
  <suite name="Suite" duration-ms="30980" started-at="2023-06-06T23:54:04 PDT" finished-at="2023-06-06T23:54:35 PDT">
    <groups>
    </groups>
    <test name="Test" duration-ms="30980" started-at="2023-06-06T23:54:04 PDT" finished-at="2023-06-06T23:54:35 PDT">
      <class name="tests.LoginTest">
        <test-method status="PASS" signature="launchApp()[pri:0, instance:tests.LoginTest@5649fd9b]" name="launchApp" is-config="true" duration-ms="6979" started-at="2023-06-06T23:54:04 PDT" finished-at="2023-06-06T23:54:11 PDT">
          <reporter-output>
          </reporter-output>
        </test-method> <!-- launchApp -->
        <test-method status="PASS" signature="verifyLoginWithValidUserDetails()[pri:0, instance:tests.LoginTest@5649fd9b]" name="verifyLoginWithValidUserDetails" duration-ms="23279" started-at="2023-06-06T23:54:11 PDT" finished-at="2023-06-06T23:54:35 PDT">
          <reporter-output>
          </reporter-output>
        </test-method> <!-- verifyLoginWithValidUserDetails -->
        <test-method status="PASS" signature="closeApp()[pri:0, instance:tests.LoginTest@5649fd9b]" name="closeApp" is-config="true" duration-ms="681" started-at="2023-06-06T23:54:35 PDT" finished-at="2023-06-06T23:54:35 PDT">
          <reporter-output>
          </reporter-output>
        </test-method> <!-- closeApp -->
      </class> <!-- tests.LoginTest -->
    </test> <!-- Test -->
  </suite> <!-- Suite -->
</testng-results>
